2025-02-15 23:22:53,032 - app - INFO - Request URL: http://127.0.0.1:8080/apidocs/
2025-02-15 23:22:53,033 - app - INFO - Request Method: GET
2025-02-15 23:22:53,036 - app - INFO - Request Data: b''
2025-02-15 23:22:53,074 - app - INFO - Response Status: 200 OK
2025-02-15 23:22:53,141 - app - INFO - Request URL: http://127.0.0.1:8080/flasgger_static/swagger-ui.css
2025-02-15 23:22:53,143 - app - INFO - Request URL: http://127.0.0.1:8080/flasgger_static/lib/jquery.min.js
2025-02-15 23:22:53,143 - app - INFO - Request URL: http://127.0.0.1:8080/flasgger_static/swagger-ui-bundle.js
2025-02-15 23:22:53,144 - app - INFO - Request Method: GET
2025-02-15 23:22:53,145 - app - INFO - Request Method: GET
2025-02-15 23:22:53,146 - app - INFO - Request Method: GET
2025-02-15 23:22:53,147 - app - INFO - Request URL: http://127.0.0.1:8080/flasgger_static/swagger-ui-standalone-preset.js
2025-02-15 23:22:53,147 - app - INFO - Request Data: b''
2025-02-15 23:22:53,148 - app - INFO - Request Data: b''
2025-02-15 23:22:53,149 - app - INFO - Request Data: b''
2025-02-15 23:22:53,150 - app - INFO - Request Method: GET
2025-02-15 23:22:53,152 - app - INFO - Request Data: b''
2025-02-15 23:22:53,626 - app - INFO - Response Status: 304 NOT MODIFIED
2025-02-15 23:22:53,631 - app - INFO - Response Status: 304 NOT MODIFIED
2025-02-15 23:22:53,644 - app - INFO - Response Status: 304 NOT MODIFIED
2025-02-15 23:22:53,652 - app - INFO - Response Status: 304 NOT MODIFIED
2025-02-15 23:22:54,092 - app - INFO - Request URL: http://127.0.0.1:8080/flasgger_static/favicon-32x32.png
2025-02-15 23:22:54,093 - app - INFO - Request Method: GET
2025-02-15 23:22:54,094 - app - INFO - Request Data: b''
2025-02-15 23:22:54,095 - app - INFO - Response Status: 200 OK
2025-02-15 23:22:54,156 - app - INFO - Request URL: http://127.0.0.1:8080/apispec_1.json
2025-02-15 23:22:54,156 - app - INFO - Request Method: GET
2025-02-15 23:22:54,157 - app - INFO - Request Data: b''
2025-02-15 23:22:54,181 - app - INFO - Response Status: 200 OK
2025-02-15 23:22:54,185 - app - INFO - Response Status: 429 TOO MANY REQUESTS
2025-02-15 23:22:55,975 - app - INFO - Response Status: 429 TOO MANY REQUESTS
2025-02-15 23:22:58,838 - app - INFO - Request URL: http://127.0.0.1:8080/login
2025-02-15 23:22:58,838 - app - INFO - Request Method: POST
2025-02-15 23:22:58,839 - app - INFO - Request Data: b'{\n  "email": "string",\n  "password": "string"\n}'
2025-02-15 23:22:58,839 - app - INFO - 📥 Login attempt: string
2025-02-15 23:22:58,850 - app - WARNING - ⚠️ Invalid login attempt for email: string
2025-02-15 23:22:58,852 - app - INFO - Response Status: 401 UNAUTHORIZED
2025-02-15 23:23:01,017 - app - INFO - Response Status: 429 TOO MANY REQUESTS
2025-02-15 23:23:01,906 - app - INFO - Response Status: 429 TOO MANY REQUESTS
2025-02-15 23:23:03,947 - app - INFO - Request URL: http://127.0.0.1:8080/register
2025-02-15 23:23:03,947 - app - INFO - Request Method: POST
2025-02-15 23:23:03,948 - app - INFO - Request Data: b'{\n  "email": "string",\n  "password": "string",\n  "username": "string"\n}'
2025-02-15 23:23:03,948 - app - INFO - 📥 Register attempt: {'email': 'string', 'password': 'string', 'username': 'string'}
2025-02-15 23:23:03,973 - app - INFO - ✅ User registered successfully: string
2025-02-15 23:23:03,974 - app - INFO - Response Status: 201 CREATED
2025-02-15 23:23:05,806 - app - INFO - Response Status: 429 TOO MANY REQUESTS
2025-02-15 23:23:06,773 - app - INFO - Response Status: 429 TOO MANY REQUESTS
2025-02-15 23:23:08,538 - app - INFO - Request URL: http://127.0.0.1:8080/login
2025-02-15 23:23:08,539 - app - INFO - Request Method: POST
2025-02-15 23:23:08,540 - app - INFO - Request Data: b'{\n  "email": "string",\n  "password": "string"\n}'
2025-02-15 23:23:08,540 - app - INFO - 📥 Login attempt: string
2025-02-15 23:23:08,543 - app - INFO - ✅ User string logged in successfully.
2025-02-15 23:23:08,543 - app - INFO - Response Status: 200 OK
2025-02-15 23:23:15,539 - app - INFO - Response Status: 429 TOO MANY REQUESTS
2025-02-15 23:23:20,929 - app - INFO - Request URL: http://127.0.0.1:8080/protected
2025-02-15 23:23:20,929 - app - INFO - Request Method: GET
2025-02-15 23:23:20,930 - app - INFO - Request Data: b''
2025-02-15 23:23:20,932 - app - INFO - 🔒 Protected route accessed by User ID: 1
2025-02-15 23:23:20,933 - app - INFO - Response Status: 200 OK
2025-02-15 23:23:24,435 - app - INFO - Response Status: 429 TOO MANY REQUESTS
2025-02-15 23:23:26,924 - app - INFO - Request URL: http://127.0.0.1:8080/basic-protected
2025-02-15 23:23:26,925 - app - INFO - Request Method: GET
2025-02-15 23:23:26,925 - app - INFO - Request Data: b''
2025-02-15 23:23:26,926 - app - INFO - Response Status: 401 UNAUTHORIZED
2025-02-15 23:23:38,556 - app - INFO - Request URL: http://127.0.0.1:8080/basic-protected
2025-02-15 23:23:38,556 - app - INFO - Request Method: GET
2025-02-15 23:23:38,556 - app - INFO - Request Data: b''
2025-02-15 23:23:38,796 - app - INFO - 🔐 Basic auth accessed by: admin
2025-02-15 23:23:38,796 - app - INFO - Response Status: 200 OK
2025-02-15 23:23:40,680 - app - INFO - Response Status: 429 TOO MANY REQUESTS
2025-02-15 23:23:46,522 - app - INFO - Request URL: http://127.0.0.1:8080/apikey-protected
2025-02-15 23:23:46,523 - app - INFO - Request Method: GET
2025-02-15 23:23:46,523 - app - INFO - Request Data: b''
2025-02-15 23:23:46,524 - app - INFO - 🔑 API Key authentication successful.
2025-02-15 23:23:46,524 - app - INFO - Response Status: 200 OK
2025-02-15 23:23:53,759 - app - INFO - Request URL: http://127.0.0.1:8080/flasgger_static/favicon-32x32.png
2025-02-15 23:23:53,759 - app - INFO - Request Method: GET
2025-02-15 23:23:53,760 - app - INFO - Request Data: b''
2025-02-15 23:23:53,761 - app - INFO - Response Status: 200 OK
2025-02-15 23:23:56,144 - app - INFO - Request URL: http://127.0.0.1:8080/health
2025-02-15 23:23:56,144 - app - INFO - Request Method: GET
2025-02-15 23:23:56,145 - app - INFO - Request Data: b''
2025-02-15 23:23:56,145 - app - INFO - ✅ Health check endpoint accessed.
2025-02-15 23:23:56,146 - app - INFO - Response Status: 200 OK
